<?xml version="1.0" encoding="UTF-8"?>
<testsuite xmlns:xsi="http://www.w3.org/2001/XMLSchema-instance" xsi:noNamespaceSchemaLocation="https://maven.apache.org/surefire/maven-surefire-plugin/xsd/surefire-test-report.xsd" name="be.rvanderhallen.camel.aggregation.CamelAggregationStrategyTest" time="1.167" tests="1" errors="0" skipped="0" failures="1">
  <properties>
    <property name="gopherProxySet" value="false"/>
    <property name="awt.toolkit" value="sun.lwawt.macosx.LWCToolkit"/>
    <property name="java.specification.version" value="11"/>
    <property name="sun.cpu.isalist" value=""/>
    <property name="sun.jnu.encoding" value="UTF-8"/>
    <property name="java.class.path" value="/Users/Robin/Development/workspaces/rvanderhallen/camel-aggregation/target/test-classes:/Users/Robin/Development/workspaces/rvanderhallen/camel-aggregation/target/classes:/Users/Robin/.m2/repository/org/junit/jupiter/junit-jupiter/5.8.2/junit-jupiter-5.8.2.jar:/Users/Robin/.m2/repository/org/junit/jupiter/junit-jupiter-api/5.8.2/junit-jupiter-api-5.8.2.jar:/Users/Robin/.m2/repository/org/opentest4j/opentest4j/1.2.0/opentest4j-1.2.0.jar:/Users/Robin/.m2/repository/org/junit/platform/junit-platform-commons/1.8.2/junit-platform-commons-1.8.2.jar:/Users/Robin/.m2/repository/org/apiguardian/apiguardian-api/1.1.2/apiguardian-api-1.1.2.jar:/Users/Robin/.m2/repository/org/junit/jupiter/junit-jupiter-params/5.8.2/junit-jupiter-params-5.8.2.jar:/Users/Robin/.m2/repository/org/junit/jupiter/junit-jupiter-engine/5.8.2/junit-jupiter-engine-5.8.2.jar:/Users/Robin/.m2/repository/org/junit/platform/junit-platform-engine/1.8.2/junit-platform-engine-1.8.2.jar:/Users/Robin/.m2/repository/org/apache/camel/camel-attachments/3.16.0/camel-attachments-3.16.0.jar:/Users/Robin/.m2/repository/org/apache/camel/camel-support/3.16.0/camel-support-3.16.0.jar:/Users/Robin/.m2/repository/org/apache/camel/camel-api/3.16.0/camel-api-3.16.0.jar:/Users/Robin/.m2/repository/jakarta/xml/bind/jakarta.xml.bind-api/2.3.3/jakarta.xml.bind-api-2.3.3.jar:/Users/Robin/.m2/repository/jakarta/activation/jakarta.activation-api/1.2.2/jakarta.activation-api-1.2.2.jar:/Users/Robin/.m2/repository/org/apache/camel/camel-management-api/3.16.0/camel-management-api-3.16.0.jar:/Users/Robin/.m2/repository/org/apache/camel/camel-util/3.16.0/camel-util-3.16.0.jar:/Users/Robin/.m2/repository/org/slf4j/slf4j-api/1.7.36/slf4j-api-1.7.36.jar:/Users/Robin/.m2/repository/com/sun/activation/javax.activation/1.2.0/javax.activation-1.2.0.jar:/Users/Robin/.m2/repository/org/apache/camel/camel-test-junit5/3.16.0/camel-test-junit5-3.16.0.jar:/Users/Robin/.m2/repository/org/apache/camel/camel-core-engine/3.16.0/camel-core-engine-3.16.0.jar:/Users/Robin/.m2/repository/org/apache/camel/camel-base-engine/3.16.0/camel-base-engine-3.16.0.jar:/Users/Robin/.m2/repository/org/apache/camel/camel-base/3.16.0/camel-base-3.16.0.jar:/Users/Robin/.m2/repository/org/apache/camel/camel-core-reifier/3.16.0/camel-core-reifier-3.16.0.jar:/Users/Robin/.m2/repository/org/apache/camel/camel-core-processor/3.16.0/camel-core-processor-3.16.0.jar:/Users/Robin/.m2/repository/org/apache/camel/camel-core-languages/3.16.0/camel-core-languages-3.16.0.jar:/Users/Robin/.m2/repository/org/apache/camel/camel-core-model/3.16.0/camel-core-model-3.16.0.jar:/Users/Robin/.m2/repository/org/apache/camel/camel-bean/3.16.0/camel-bean-3.16.0.jar:/Users/Robin/.m2/repository/org/apache/camel/camel-browse/3.16.0/camel-browse-3.16.0.jar:/Users/Robin/.m2/repository/org/apache/camel/camel-controlbus/3.16.0/camel-controlbus-3.16.0.jar:/Users/Robin/.m2/repository/org/apache/camel/camel-dataformat/3.16.0/camel-dataformat-3.16.0.jar:/Users/Robin/.m2/repository/org/apache/camel/camel-dataset/3.16.0/camel-dataset-3.16.0.jar:/Users/Robin/.m2/repository/org/apache/camel/camel-direct/3.16.0/camel-direct-3.16.0.jar:/Users/Robin/.m2/repository/org/apache/camel/camel-directvm/3.16.0/camel-directvm-3.16.0.jar:/Users/Robin/.m2/repository/org/apache/camel/camel-file/3.16.0/camel-file-3.16.0.jar:/Users/Robin/.m2/repository/org/apache/camel/camel-cluster/3.16.0/camel-cluster-3.16.0.jar:/Users/Robin/.m2/repository/org/apache/camel/camel-language/3.16.0/camel-language-3.16.0.jar:/Users/Robin/.m2/repository/org/apache/camel/camel-log/3.16.0/camel-log-3.16.0.jar:/Users/Robin/.m2/repository/org/apache/camel/camel-mock/3.16.0/camel-mock-3.16.0.jar:/Users/Robin/.m2/repository/org/apache/camel/camel-ref/3.16.0/camel-ref-3.16.0.jar:/Users/Robin/.m2/repository/org/apache/camel/camel-rest/3.16.0/camel-rest-3.16.0.jar:/Users/Robin/.m2/repository/org/apache/camel/camel-tooling-model/3.16.0/camel-tooling-model-3.16.0.jar:/Users/Robin/.m2/repository/org/apache/camel/camel-util-json/3.16.0/camel-util-json-3.16.0.jar:/Users/Robin/.m2/repository/org/apache/camel/camel-saga/3.16.0/camel-saga-3.16.0.jar:/Users/Robin/.m2/repository/org/apache/camel/camel-scheduler/3.16.0/camel-scheduler-3.16.0.jar:/Users/Robin/.m2/repository/org/apache/camel/camel-seda/3.16.0/camel-seda-3.16.0.jar:/Users/Robin/.m2/repository/org/apache/camel/camel-stub/3.16.0/camel-stub-3.16.0.jar:/Users/Robin/.m2/repository/org/apache/camel/camel-timer/3.16.0/camel-timer-3.16.0.jar:/Users/Robin/.m2/repository/org/apache/camel/camel-validator/3.16.0/camel-validator-3.16.0.jar:/Users/Robin/.m2/repository/org/apache/camel/camel-xml-jaxp/3.16.0/camel-xml-jaxp-3.16.0.jar:/Users/Robin/.m2/repository/org/apache/camel/camel-xml-io-util/3.16.0/camel-xml-io-util-3.16.0.jar:/Users/Robin/.m2/repository/org/apache/camel/camel-vm/3.16.0/camel-vm-3.16.0.jar:/Users/Robin/.m2/repository/org/apache/camel/camel-xpath/3.16.0/camel-xpath-3.16.0.jar:/Users/Robin/.m2/repository/org/apache/camel/camel-xslt/3.16.0/camel-xslt-3.16.0.jar:/Users/Robin/.m2/repository/javax/mail/mail/1.4.7/mail-1.4.7.jar:/Users/Robin/.m2/repository/javax/activation/activation/1.1/activation-1.1.jar:"/>
    <property name="java.vm.vendor" value="Amazon.com Inc."/>
    <property name="sun.arch.data.model" value="64"/>
    <property name="java.vendor.url" value="https://aws.amazon.com/corretto/"/>
    <property name="user.timezone" value=""/>
    <property name="java.vm.specification.version" value="11"/>
    <property name="os.name" value="Mac OS X"/>
    <property name="sun.java.launcher" value="SUN_STANDARD"/>
    <property name="user.country" value="BE"/>
    <property name="sun.boot.library.path" value="/Users/Robin/.sdkman/candidates/java/11.0.18-amzn/lib"/>
    <property name="sun.java.command" value="/Users/Robin/Development/workspaces/rvanderhallen/camel-aggregation/target/surefire/surefirebooter14220437571031477769.jar /Users/Robin/Development/workspaces/rvanderhallen/camel-aggregation/target/surefire 2023-07-18T14-13-23_889-jvmRun1 surefire12484143859902964876tmp surefire_013204046068406506494tmp"/>
    <property name="jdk.debug" value="release"/>
    <property name="surefire.test.class.path" value="/Users/Robin/Development/workspaces/rvanderhallen/camel-aggregation/target/test-classes:/Users/Robin/Development/workspaces/rvanderhallen/camel-aggregation/target/classes:/Users/Robin/.m2/repository/org/junit/jupiter/junit-jupiter/5.8.2/junit-jupiter-5.8.2.jar:/Users/Robin/.m2/repository/org/junit/jupiter/junit-jupiter-api/5.8.2/junit-jupiter-api-5.8.2.jar:/Users/Robin/.m2/repository/org/opentest4j/opentest4j/1.2.0/opentest4j-1.2.0.jar:/Users/Robin/.m2/repository/org/junit/platform/junit-platform-commons/1.8.2/junit-platform-commons-1.8.2.jar:/Users/Robin/.m2/repository/org/apiguardian/apiguardian-api/1.1.2/apiguardian-api-1.1.2.jar:/Users/Robin/.m2/repository/org/junit/jupiter/junit-jupiter-params/5.8.2/junit-jupiter-params-5.8.2.jar:/Users/Robin/.m2/repository/org/junit/jupiter/junit-jupiter-engine/5.8.2/junit-jupiter-engine-5.8.2.jar:/Users/Robin/.m2/repository/org/junit/platform/junit-platform-engine/1.8.2/junit-platform-engine-1.8.2.jar:/Users/Robin/.m2/repository/org/apache/camel/camel-attachments/3.16.0/camel-attachments-3.16.0.jar:/Users/Robin/.m2/repository/org/apache/camel/camel-support/3.16.0/camel-support-3.16.0.jar:/Users/Robin/.m2/repository/org/apache/camel/camel-api/3.16.0/camel-api-3.16.0.jar:/Users/Robin/.m2/repository/jakarta/xml/bind/jakarta.xml.bind-api/2.3.3/jakarta.xml.bind-api-2.3.3.jar:/Users/Robin/.m2/repository/jakarta/activation/jakarta.activation-api/1.2.2/jakarta.activation-api-1.2.2.jar:/Users/Robin/.m2/repository/org/apache/camel/camel-management-api/3.16.0/camel-management-api-3.16.0.jar:/Users/Robin/.m2/repository/org/apache/camel/camel-util/3.16.0/camel-util-3.16.0.jar:/Users/Robin/.m2/repository/org/slf4j/slf4j-api/1.7.36/slf4j-api-1.7.36.jar:/Users/Robin/.m2/repository/com/sun/activation/javax.activation/1.2.0/javax.activation-1.2.0.jar:/Users/Robin/.m2/repository/org/apache/camel/camel-test-junit5/3.16.0/camel-test-junit5-3.16.0.jar:/Users/Robin/.m2/repository/org/apache/camel/camel-core-engine/3.16.0/camel-core-engine-3.16.0.jar:/Users/Robin/.m2/repository/org/apache/camel/camel-base-engine/3.16.0/camel-base-engine-3.16.0.jar:/Users/Robin/.m2/repository/org/apache/camel/camel-base/3.16.0/camel-base-3.16.0.jar:/Users/Robin/.m2/repository/org/apache/camel/camel-core-reifier/3.16.0/camel-core-reifier-3.16.0.jar:/Users/Robin/.m2/repository/org/apache/camel/camel-core-processor/3.16.0/camel-core-processor-3.16.0.jar:/Users/Robin/.m2/repository/org/apache/camel/camel-core-languages/3.16.0/camel-core-languages-3.16.0.jar:/Users/Robin/.m2/repository/org/apache/camel/camel-core-model/3.16.0/camel-core-model-3.16.0.jar:/Users/Robin/.m2/repository/org/apache/camel/camel-bean/3.16.0/camel-bean-3.16.0.jar:/Users/Robin/.m2/repository/org/apache/camel/camel-browse/3.16.0/camel-browse-3.16.0.jar:/Users/Robin/.m2/repository/org/apache/camel/camel-controlbus/3.16.0/camel-controlbus-3.16.0.jar:/Users/Robin/.m2/repository/org/apache/camel/camel-dataformat/3.16.0/camel-dataformat-3.16.0.jar:/Users/Robin/.m2/repository/org/apache/camel/camel-dataset/3.16.0/camel-dataset-3.16.0.jar:/Users/Robin/.m2/repository/org/apache/camel/camel-direct/3.16.0/camel-direct-3.16.0.jar:/Users/Robin/.m2/repository/org/apache/camel/camel-directvm/3.16.0/camel-directvm-3.16.0.jar:/Users/Robin/.m2/repository/org/apache/camel/camel-file/3.16.0/camel-file-3.16.0.jar:/Users/Robin/.m2/repository/org/apache/camel/camel-cluster/3.16.0/camel-cluster-3.16.0.jar:/Users/Robin/.m2/repository/org/apache/camel/camel-language/3.16.0/camel-language-3.16.0.jar:/Users/Robin/.m2/repository/org/apache/camel/camel-log/3.16.0/camel-log-3.16.0.jar:/Users/Robin/.m2/repository/org/apache/camel/camel-mock/3.16.0/camel-mock-3.16.0.jar:/Users/Robin/.m2/repository/org/apache/camel/camel-ref/3.16.0/camel-ref-3.16.0.jar:/Users/Robin/.m2/repository/org/apache/camel/camel-rest/3.16.0/camel-rest-3.16.0.jar:/Users/Robin/.m2/repository/org/apache/camel/camel-tooling-model/3.16.0/camel-tooling-model-3.16.0.jar:/Users/Robin/.m2/repository/org/apache/camel/camel-util-json/3.16.0/camel-util-json-3.16.0.jar:/Users/Robin/.m2/repository/org/apache/camel/camel-saga/3.16.0/camel-saga-3.16.0.jar:/Users/Robin/.m2/repository/org/apache/camel/camel-scheduler/3.16.0/camel-scheduler-3.16.0.jar:/Users/Robin/.m2/repository/org/apache/camel/camel-seda/3.16.0/camel-seda-3.16.0.jar:/Users/Robin/.m2/repository/org/apache/camel/camel-stub/3.16.0/camel-stub-3.16.0.jar:/Users/Robin/.m2/repository/org/apache/camel/camel-timer/3.16.0/camel-timer-3.16.0.jar:/Users/Robin/.m2/repository/org/apache/camel/camel-validator/3.16.0/camel-validator-3.16.0.jar:/Users/Robin/.m2/repository/org/apache/camel/camel-xml-jaxp/3.16.0/camel-xml-jaxp-3.16.0.jar:/Users/Robin/.m2/repository/org/apache/camel/camel-xml-io-util/3.16.0/camel-xml-io-util-3.16.0.jar:/Users/Robin/.m2/repository/org/apache/camel/camel-vm/3.16.0/camel-vm-3.16.0.jar:/Users/Robin/.m2/repository/org/apache/camel/camel-xpath/3.16.0/camel-xpath-3.16.0.jar:/Users/Robin/.m2/repository/org/apache/camel/camel-xslt/3.16.0/camel-xslt-3.16.0.jar:/Users/Robin/.m2/repository/javax/mail/mail/1.4.7/mail-1.4.7.jar:/Users/Robin/.m2/repository/javax/activation/activation/1.1/activation-1.1.jar:"/>
    <property name="sun.cpu.endian" value="little"/>
    <property name="user.home" value="/Users/Robin"/>
    <property name="user.language" value="en"/>
    <property name="java.specification.vendor" value="Oracle Corporation"/>
    <property name="java.version.date" value="2023-01-17"/>
    <property name="java.home" value="/Users/Robin/.sdkman/candidates/java/11.0.18-amzn"/>
    <property name="file.separator" value="/"/>
    <property name="basedir" value="/Users/Robin/Development/workspaces/rvanderhallen/camel-aggregation"/>
    <property name="java.vm.compressedOopsMode" value="Zero based"/>
    <property name="line.separator" value="&#10;"/>
    <property name="java.specification.name" value="Java Platform API Specification"/>
    <property name="java.vm.specification.vendor" value="Oracle Corporation"/>
    <property name="java.awt.graphicsenv" value="sun.awt.CGraphicsEnvironment"/>
    <property name="surefire.real.class.path" value="/Users/Robin/Development/workspaces/rvanderhallen/camel-aggregation/target/surefire/surefirebooter14220437571031477769.jar"/>
    <property name="sun.management.compiler" value="HotSpot 64-Bit Tiered Compilers"/>
    <property name="java.runtime.version" value="11.0.18+10-LTS"/>
    <property name="user.name" value="Robin"/>
    <property name="path.separator" value=":"/>
    <property name="os.version" value="13.4.1"/>
    <property name="java.runtime.name" value="OpenJDK Runtime Environment"/>
    <property name="file.encoding" value="UTF-8"/>
    <property name="java.vm.name" value="OpenJDK 64-Bit Server VM"/>
    <property name="java.vendor.version" value="Corretto-11.0.18.10.1"/>
    <property name="localRepository" value="/Users/Robin/.m2/repository"/>
    <property name="java.vendor.url.bug" value="https://github.com/corretto/corretto-11/issues/"/>
    <property name="java.io.tmpdir" value="/var/folders/hp/zlmf1h8n5vl0xgmfkplc6x500000gp/T/"/>
    <property name="java.version" value="11.0.18"/>
    <property name="user.dir" value="/Users/Robin/Development/workspaces/rvanderhallen/camel-aggregation"/>
    <property name="os.arch" value="x86_64"/>
    <property name="java.vm.specification.name" value="Java Virtual Machine Specification"/>
    <property name="java.awt.printerjob" value="sun.lwawt.macosx.CPrinterJob"/>
    <property name="sun.os.patch.level" value="unknown"/>
    <property name="java.library.path" value="/Users/Robin/Library/Java/Extensions:/Library/Java/Extensions:/Network/Library/Java/Extensions:/System/Library/Java/Extensions:/usr/lib/java:."/>
    <property name="java.vm.info" value="mixed mode"/>
    <property name="java.vendor" value="Amazon.com Inc."/>
    <property name="java.vm.version" value="11.0.18+10-LTS"/>
    <property name="sun.io.unicode.encoding" value="UnicodeBig"/>
    <property name="java.class.version" value="55.0"/>
  </properties>
  <testcase name="shouldAddAttachmentToExchange" classname="be.rvanderhallen.camel.aggregation.CamelAggregationStrategyTest" time="1.149">
    <failure message="expected: &lt;true&gt; but was: &lt;false&gt;" type="org.opentest4j.AssertionFailedError"><![CDATA[org.opentest4j.AssertionFailedError: expected: <true> but was: <false>
	at org.junit.jupiter.api.AssertionUtils.fail(AssertionUtils.java:55)
	at org.junit.jupiter.api.AssertTrue.assertTrue(AssertTrue.java:40)
	at org.junit.jupiter.api.AssertTrue.assertTrue(AssertTrue.java:35)
	at org.junit.jupiter.api.Assertions.assertTrue(Assertions.java:179)
	at be.rvanderhallen.camel.aggregation.CamelAggregationStrategyTest.shouldAddAttachmentToExchange(CamelAggregationStrategyTest.java:66)
	at java.base/jdk.internal.reflect.NativeMethodAccessorImpl.invoke0(Native Method)
	at java.base/jdk.internal.reflect.NativeMethodAccessorImpl.invoke(NativeMethodAccessorImpl.java:62)
	at java.base/jdk.internal.reflect.DelegatingMethodAccessorImpl.invoke(DelegatingMethodAccessorImpl.java:43)
	at java.base/java.lang.reflect.Method.invoke(Method.java:566)
	at org.junit.platform.commons.util.ReflectionUtils.invokeMethod(ReflectionUtils.java:725)
	at org.junit.jupiter.engine.execution.MethodInvocation.proceed(MethodInvocation.java:60)
	at org.junit.jupiter.engine.execution.InvocationInterceptorChain$ValidatingInvocation.proceed(InvocationInterceptorChain.java:131)
	at org.junit.jupiter.engine.extension.TimeoutExtension.intercept(TimeoutExtension.java:149)
	at org.junit.jupiter.engine.extension.TimeoutExtension.interceptTestableMethod(TimeoutExtension.java:140)
	at org.junit.jupiter.engine.extension.TimeoutExtension.interceptTestMethod(TimeoutExtension.java:84)
	at org.junit.jupiter.engine.execution.ExecutableInvoker$ReflectiveInterceptorCall.lambda$ofVoidMethod$0(ExecutableInvoker.java:115)
	at org.junit.jupiter.engine.execution.ExecutableInvoker.lambda$invoke$0(ExecutableInvoker.java:105)
	at org.junit.jupiter.engine.execution.InvocationInterceptorChain$InterceptedInvocation.proceed(InvocationInterceptorChain.java:106)
	at org.junit.jupiter.engine.execution.InvocationInterceptorChain.proceed(InvocationInterceptorChain.java:64)
	at org.junit.jupiter.engine.execution.InvocationInterceptorChain.chainAndInvoke(InvocationInterceptorChain.java:45)
	at org.junit.jupiter.engine.execution.InvocationInterceptorChain.invoke(InvocationInterceptorChain.java:37)
	at org.junit.jupiter.engine.execution.ExecutableInvoker.invoke(ExecutableInvoker.java:104)
	at org.junit.jupiter.engine.execution.ExecutableInvoker.invoke(ExecutableInvoker.java:98)
	at org.junit.jupiter.engine.descriptor.TestMethodTestDescriptor.lambda$invokeTestMethod$7(TestMethodTestDescriptor.java:214)
	at org.junit.platform.engine.support.hierarchical.ThrowableCollector.execute(ThrowableCollector.java:73)
	at org.junit.jupiter.engine.descriptor.TestMethodTestDescriptor.invokeTestMethod(TestMethodTestDescriptor.java:210)
	at org.junit.jupiter.engine.descriptor.TestMethodTestDescriptor.execute(TestMethodTestDescriptor.java:135)
	at org.junit.jupiter.engine.descriptor.TestMethodTestDescriptor.execute(TestMethodTestDescriptor.java:66)
	at org.junit.platform.engine.support.hierarchical.NodeTestTask.lambda$executeRecursively$6(NodeTestTask.java:151)
	at org.junit.platform.engine.support.hierarchical.ThrowableCollector.execute(ThrowableCollector.java:73)
	at org.junit.platform.engine.support.hierarchical.NodeTestTask.lambda$executeRecursively$8(NodeTestTask.java:141)
	at org.junit.platform.engine.support.hierarchical.Node.around(Node.java:137)
	at org.junit.platform.engine.support.hierarchical.NodeTestTask.lambda$executeRecursively$9(NodeTestTask.java:139)
	at org.junit.platform.engine.support.hierarchical.ThrowableCollector.execute(ThrowableCollector.java:73)
	at org.junit.platform.engine.support.hierarchical.NodeTestTask.executeRecursively(NodeTestTask.java:138)
	at org.junit.platform.engine.support.hierarchical.NodeTestTask.execute(NodeTestTask.java:95)
	at java.base/java.util.ArrayList.forEach(ArrayList.java:1541)
	at org.junit.platform.engine.support.hierarchical.SameThreadHierarchicalTestExecutorService.invokeAll(SameThreadHierarchicalTestExecutorService.java:41)
	at org.junit.platform.engine.support.hierarchical.NodeTestTask.lambda$executeRecursively$6(NodeTestTask.java:155)
	at org.junit.platform.engine.support.hierarchical.ThrowableCollector.execute(ThrowableCollector.java:73)
	at org.junit.platform.engine.support.hierarchical.NodeTestTask.lambda$executeRecursively$8(NodeTestTask.java:141)
	at org.junit.platform.engine.support.hierarchical.Node.around(Node.java:137)
	at org.junit.platform.engine.support.hierarchical.NodeTestTask.lambda$executeRecursively$9(NodeTestTask.java:139)
	at org.junit.platform.engine.support.hierarchical.ThrowableCollector.execute(ThrowableCollector.java:73)
	at org.junit.platform.engine.support.hierarchical.NodeTestTask.executeRecursively(NodeTestTask.java:138)
	at org.junit.platform.engine.support.hierarchical.NodeTestTask.execute(NodeTestTask.java:95)
	at java.base/java.util.ArrayList.forEach(ArrayList.java:1541)
	at org.junit.platform.engine.support.hierarchical.SameThreadHierarchicalTestExecutorService.invokeAll(SameThreadHierarchicalTestExecutorService.java:41)
	at org.junit.platform.engine.support.hierarchical.NodeTestTask.lambda$executeRecursively$6(NodeTestTask.java:155)
	at org.junit.platform.engine.support.hierarchical.ThrowableCollector.execute(ThrowableCollector.java:73)
	at org.junit.platform.engine.support.hierarchical.NodeTestTask.lambda$executeRecursively$8(NodeTestTask.java:141)
	at org.junit.platform.engine.support.hierarchical.Node.around(Node.java:137)
	at org.junit.platform.engine.support.hierarchical.NodeTestTask.lambda$executeRecursively$9(NodeTestTask.java:139)
	at org.junit.platform.engine.support.hierarchical.ThrowableCollector.execute(ThrowableCollector.java:73)
	at org.junit.platform.engine.support.hierarchical.NodeTestTask.executeRecursively(NodeTestTask.java:138)
	at org.junit.platform.engine.support.hierarchical.NodeTestTask.execute(NodeTestTask.java:95)
	at org.junit.platform.engine.support.hierarchical.SameThreadHierarchicalTestExecutorService.submit(SameThreadHierarchicalTestExecutorService.java:35)
	at org.junit.platform.engine.support.hierarchical.HierarchicalTestExecutor.execute(HierarchicalTestExecutor.java:57)
	at org.junit.platform.engine.support.hierarchical.HierarchicalTestEngine.execute(HierarchicalTestEngine.java:54)
	at org.junit.platform.launcher.core.DefaultLauncher.execute(DefaultLauncher.java:170)
	at org.junit.platform.launcher.core.DefaultLauncher.execute(DefaultLauncher.java:154)
	at org.junit.platform.launcher.core.DefaultLauncher.execute(DefaultLauncher.java:90)
	at org.apache.maven.surefire.junitplatform.JUnitPlatformProvider.invokeAllTests(JUnitPlatformProvider.java:142)
	at org.apache.maven.surefire.junitplatform.JUnitPlatformProvider.invoke(JUnitPlatformProvider.java:117)
	at org.apache.maven.surefire.booter.ForkedBooter.invokeProviderInSameClassLoader(ForkedBooter.java:383)
	at org.apache.maven.surefire.booter.ForkedBooter.runSuitesInProcess(ForkedBooter.java:344)
	at org.apache.maven.surefire.booter.ForkedBooter.execute(ForkedBooter.java:125)
	at org.apache.maven.surefire.booter.ForkedBooter.main(ForkedBooter.java:417)
]]></failure>
    <system-err><![CDATA[SLF4J: Failed to load class "org.slf4j.impl.StaticLoggerBinder".
SLF4J: Defaulting to no-operation (NOP) logger implementation
SLF4J: See http://www.slf4j.org/codes.html#StaticLoggerBinder for further details.
]]></system-err>
  </testcase>
</testsuite>